{"timestamp":"2022-11-17T10:00:48.907Z","level":"INFO","thread":"main","logger":"com.example.demologback.DemoLogbackApplication","message":"Starting DemoLogbackApplication using Java 11.0.16.1 on yeong-eun-ui-MacBookPro.local with PID 5200 (/Users/younge/Practice/Spring/demo-logback/out/production/classes started by younge in /Users/younge/Practice/Spring/demo-logback)","context":"vms"}
{"timestamp":"2022-11-17T10:00:48.915Z","level":"INFO","thread":"main","logger":"com.example.demologback.DemoLogbackApplication","message":"No active profile set, falling back to 1 default profile: \"default\"","context":"vms"}
{"timestamp":"2022-11-17T10:00:49.152Z","level":"INFO","thread":"main","logger":"org.springframework.data.repository.config.RepositoryConfigurationDelegate","message":"Bootstrapping Spring Data JPA repositories in DEFAULT mode.","context":"vms"}
{"timestamp":"2022-11-17T10:00:49.172Z","level":"INFO","thread":"main","logger":"org.springframework.data.repository.config.RepositoryConfigurationDelegate","message":"Finished Spring Data repository scanning in 16 ms. Found 2 JPA repository interfaces.","context":"vms"}
{"timestamp":"2022-11-17T10:00:49.346Z","level":"INFO","thread":"main","logger":"org.springframework.boot.web.embedded.tomcat.TomcatWebServer","message":"Tomcat initialized with port(s): 8084 (http)","context":"vms"}
{"timestamp":"2022-11-17T10:00:49.350Z","level":"INFO","thread":"main","logger":"org.apache.coyote.http11.Http11NioProtocol","message":"Initializing ProtocolHandler [\"http-nio-8084\"]","context":"vms"}
{"timestamp":"2022-11-17T10:00:49.350Z","level":"INFO","thread":"main","logger":"org.apache.catalina.core.StandardService","message":"Starting service [Tomcat]","context":"vms"}
{"timestamp":"2022-11-17T10:00:49.350Z","level":"INFO","thread":"main","logger":"org.apache.catalina.core.StandardEngine","message":"Starting Servlet engine: [Apache Tomcat/9.0.68]","context":"vms"}
{"timestamp":"2022-11-17T10:00:49.387Z","level":"INFO","thread":"main","logger":"org.apache.catalina.core.ContainerBase.[Tomcat].[localhost].[/]","message":"Initializing Spring embedded WebApplicationContext","context":"vms"}
{"timestamp":"2022-11-17T10:00:49.388Z","level":"INFO","thread":"main","logger":"org.springframework.boot.web.servlet.context.ServletWebServerApplicationContext","message":"Root WebApplicationContext: initialization completed in 457 ms","context":"vms"}
{"timestamp":"2022-11-17T10:00:49.401Z","level":"INFO","thread":"main","logger":"com.zaxxer.hikari.HikariDataSource","message":"HikariPool-1 - Starting...","context":"vms"}
{"timestamp":"2022-11-17T10:00:49.453Z","level":"INFO","thread":"main","logger":"com.zaxxer.hikari.HikariDataSource","message":"HikariPool-1 - Start completed.","context":"vms"}
{"timestamp":"2022-11-17T10:00:49.458Z","level":"INFO","thread":"main","logger":"org.springframework.boot.autoconfigure.h2.H2ConsoleAutoConfiguration","message":"H2 console available at '/h2-console'. Database available at 'jdbc:h2:tcp://localhost/~/logback'","context":"vms"}
{"timestamp":"2022-11-17T10:00:49.513Z","level":"INFO","thread":"main","logger":"org.hibernate.jpa.internal.util.LogHelper","message":"HHH000204: Processing PersistenceUnitInfo [name: default]","context":"vms"}
{"timestamp":"2022-11-17T10:00:49.527Z","level":"INFO","thread":"main","logger":"org.hibernate.Version","message":"HHH000412: Hibernate ORM core version 5.6.12.Final","context":"vms"}
{"timestamp":"2022-11-17T10:00:49.576Z","level":"INFO","thread":"main","logger":"org.hibernate.annotations.common.Version","message":"HCANN000001: Hibernate Commons Annotations {5.1.2.Final}","context":"vms"}
{"timestamp":"2022-11-17T10:00:49.612Z","level":"INFO","thread":"main","logger":"org.hibernate.dialect.Dialect","message":"HHH000400: Using dialect: org.hibernate.dialect.H2Dialect","context":"vms"}
{"timestamp":"2022-11-17T10:00:49.798Z","level":"INFO","thread":"main","logger":"org.hibernate.engine.transaction.jta.platform.internal.JtaPlatformInitiator","message":"HHH000490: Using JtaPlatform implementation: [org.hibernate.engine.transaction.jta.platform.internal.NoJtaPlatform]","context":"vms"}
{"timestamp":"2022-11-17T10:00:49.801Z","level":"INFO","thread":"main","logger":"org.springframework.orm.jpa.LocalContainerEntityManagerFactoryBean","message":"Initialized JPA EntityManagerFactory for persistence unit 'default'","context":"vms"}
{"timestamp":"2022-11-17T10:00:49.941Z","level":"WARN","thread":"main","logger":"org.springframework.boot.autoconfigure.orm.jpa.JpaBaseConfiguration$JpaWebConfiguration","message":"spring.jpa.open-in-view is enabled by default. Therefore, database queries may be performed during view rendering. Explicitly configure spring.jpa.open-in-view to disable this warning","context":"vms"}
{"timestamp":"2022-11-17T10:00:50.065Z","level":"INFO","thread":"main","logger":"org.apache.coyote.http11.Http11NioProtocol","message":"Starting ProtocolHandler [\"http-nio-8084\"]","context":"vms"}
{"timestamp":"2022-11-17T10:00:50.078Z","level":"INFO","thread":"main","logger":"org.springframework.boot.web.embedded.tomcat.TomcatWebServer","message":"Tomcat started on port(s): 8084 (http) with context path ''","context":"vms"}
{"timestamp":"2022-11-17T10:00:50.097Z","level":"INFO","thread":"main","logger":"com.example.demologback.DemoLogbackApplication","message":"Started DemoLogbackApplication in 1.41 seconds (JVM running for 1.669)","context":"vms"}
{"timestamp":"2022-11-17T12:25:02.893Z","level":"WARN","thread":"HikariPool-1 housekeeper","logger":"com.zaxxer.hikari.pool.HikariPool","message":"HikariPool-1 - Thread starvation or clock leap detected (housekeeper delta=24m42s512ms).","context":"vms"}
{"timestamp":"2022-11-17T14:25:18.442Z","level":"INFO","thread":"SpringApplicationShutdownHook","logger":"org.springframework.orm.jpa.LocalContainerEntityManagerFactoryBean","message":"Closing JPA EntityManagerFactory for persistence unit 'default'","context":"vms"}
{"timestamp":"2022-11-17T14:25:18.444Z","level":"INFO","thread":"SpringApplicationShutdownHook","logger":"com.zaxxer.hikari.HikariDataSource","message":"HikariPool-1 - Shutdown initiated...","context":"vms"}
{"timestamp":"2022-11-17T14:25:18.474Z","level":"INFO","thread":"SpringApplicationShutdownHook","logger":"com.zaxxer.hikari.HikariDataSource","message":"HikariPool-1 - Shutdown completed.","context":"vms"}
{"timestamp":"2022-11-17T17:22:49.091Z","level":"INFO","thread":"main","logger":"com.example.demologback.DemoLogbackApplication","message":"Starting DemoLogbackApplication using Java 11.0.16.1 on yeong-eun-ui-MacBookPro.local with PID 30426 (/Users/younge/Practice/Spring/demo-logback/out/production/classes started by younge in /Users/younge/Practice/Spring/demo-logback)","context":"vms"}
{"timestamp":"2022-11-17T17:22:49.098Z","level":"INFO","thread":"main","logger":"com.example.demologback.DemoLogbackApplication","message":"No active profile set, falling back to 1 default profile: \"default\"","context":"vms"}
{"timestamp":"2022-11-17T17:22:49.339Z","level":"INFO","thread":"main","logger":"org.springframework.data.repository.config.RepositoryConfigurationDelegate","message":"Bootstrapping Spring Data JPA repositories in DEFAULT mode.","context":"vms"}
{"timestamp":"2022-11-17T17:22:49.357Z","level":"INFO","thread":"main","logger":"org.springframework.data.repository.config.RepositoryConfigurationDelegate","message":"Finished Spring Data repository scanning in 15 ms. Found 2 JPA repository interfaces.","context":"vms"}
{"timestamp":"2022-11-17T17:22:49.561Z","level":"INFO","thread":"main","logger":"org.springframework.boot.web.embedded.tomcat.TomcatWebServer","message":"Tomcat initialized with port(s): 8084 (http)","context":"vms"}
{"timestamp":"2022-11-17T17:22:49.565Z","level":"INFO","thread":"main","logger":"org.apache.coyote.http11.Http11NioProtocol","message":"Initializing ProtocolHandler [\"http-nio-8084\"]","context":"vms"}
{"timestamp":"2022-11-17T17:22:49.566Z","level":"INFO","thread":"main","logger":"org.apache.catalina.core.StandardService","message":"Starting service [Tomcat]","context":"vms"}
{"timestamp":"2022-11-17T17:22:49.566Z","level":"INFO","thread":"main","logger":"org.apache.catalina.core.StandardEngine","message":"Starting Servlet engine: [Apache Tomcat/9.0.68]","context":"vms"}
{"timestamp":"2022-11-17T17:22:49.610Z","level":"INFO","thread":"main","logger":"org.apache.catalina.core.ContainerBase.[Tomcat].[localhost].[/]","message":"Initializing Spring embedded WebApplicationContext","context":"vms"}
{"timestamp":"2022-11-17T17:22:49.610Z","level":"INFO","thread":"main","logger":"org.springframework.boot.web.servlet.context.ServletWebServerApplicationContext","message":"Root WebApplicationContext: initialization completed in 495 ms","context":"vms"}
{"timestamp":"2022-11-17T17:22:49.623Z","level":"INFO","thread":"main","logger":"com.zaxxer.hikari.HikariDataSource","message":"HikariPool-1 - Starting...","context":"vms"}
{"timestamp":"2022-11-17T17:22:49.694Z","level":"INFO","thread":"main","logger":"com.zaxxer.hikari.HikariDataSource","message":"HikariPool-1 - Start completed.","context":"vms"}
{"timestamp":"2022-11-17T17:22:49.699Z","level":"INFO","thread":"main","logger":"org.springframework.boot.autoconfigure.h2.H2ConsoleAutoConfiguration","message":"H2 console available at '/h2-console'. Database available at 'jdbc:h2:tcp://localhost/~/logback'","context":"vms"}
{"timestamp":"2022-11-17T17:22:49.757Z","level":"INFO","thread":"main","logger":"org.hibernate.jpa.internal.util.LogHelper","message":"HHH000204: Processing PersistenceUnitInfo [name: default]","context":"vms"}
{"timestamp":"2022-11-17T17:22:49.776Z","level":"INFO","thread":"main","logger":"org.hibernate.Version","message":"HHH000412: Hibernate ORM core version 5.6.12.Final","context":"vms"}
{"timestamp":"2022-11-17T17:22:49.841Z","level":"INFO","thread":"main","logger":"org.hibernate.annotations.common.Version","message":"HCANN000001: Hibernate Commons Annotations {5.1.2.Final}","context":"vms"}
{"timestamp":"2022-11-17T17:22:49.876Z","level":"INFO","thread":"main","logger":"org.hibernate.dialect.Dialect","message":"HHH000400: Using dialect: org.hibernate.dialect.H2Dialect","context":"vms"}
{"timestamp":"2022-11-17T17:22:50.063Z","level":"INFO","thread":"main","logger":"org.hibernate.engine.transaction.jta.platform.internal.JtaPlatformInitiator","message":"HHH000490: Using JtaPlatform implementation: [org.hibernate.engine.transaction.jta.platform.internal.NoJtaPlatform]","context":"vms"}
{"timestamp":"2022-11-17T17:22:50.067Z","level":"INFO","thread":"main","logger":"org.springframework.orm.jpa.LocalContainerEntityManagerFactoryBean","message":"Initialized JPA EntityManagerFactory for persistence unit 'default'","context":"vms"}
{"timestamp":"2022-11-17T17:22:50.230Z","level":"WARN","thread":"main","logger":"org.springframework.boot.autoconfigure.orm.jpa.JpaBaseConfiguration$JpaWebConfiguration","message":"spring.jpa.open-in-view is enabled by default. Therefore, database queries may be performed during view rendering. Explicitly configure spring.jpa.open-in-view to disable this warning","context":"vms"}
{"timestamp":"2022-11-17T17:22:50.364Z","level":"INFO","thread":"main","logger":"org.apache.coyote.http11.Http11NioProtocol","message":"Starting ProtocolHandler [\"http-nio-8084\"]","context":"vms"}
{"timestamp":"2022-11-17T17:22:50.376Z","level":"INFO","thread":"main","logger":"org.springframework.boot.web.embedded.tomcat.TomcatWebServer","message":"Tomcat started on port(s): 8084 (http) with context path ''","context":"vms"}
{"timestamp":"2022-11-17T17:22:50.394Z","level":"INFO","thread":"main","logger":"com.example.demologback.DemoLogbackApplication","message":"Started DemoLogbackApplication in 1.568 seconds (JVM running for 1.999)","context":"vms"}
{"timestamp":"2022-11-17T17:23:12.386Z","level":"INFO","thread":"http-nio-8084-exec-2","logger":"org.apache.catalina.core.ContainerBase.[Tomcat].[localhost].[/]","message":"Initializing Spring DispatcherServlet 'dispatcherServlet'","context":"vms"}
{"timestamp":"2022-11-17T17:23:12.387Z","level":"INFO","thread":"http-nio-8084-exec-2","logger":"org.springframework.web.servlet.DispatcherServlet","message":"Initializing Servlet 'dispatcherServlet'","context":"vms"}
{"timestamp":"2022-11-17T17:23:12.388Z","level":"INFO","thread":"http-nio-8084-exec-2","logger":"org.springframework.web.servlet.DispatcherServlet","message":"Completed initialization in 1 ms","context":"vms"}
{"timestamp":"2022-11-17T17:23:12.396Z","level":"WARN","thread":"http-nio-8084-exec-2","logger":"org.springframework.web.servlet.mvc.support.DefaultHandlerExceptionResolver","message":"Resolved [org.springframework.web.HttpRequestMethodNotSupportedException: Request method 'GET' not supported]","context":"vms"}
{"timestamp":"2022-11-17T17:23:22.368Z","level":"INFO","thread":"http-nio-8084-exec-3","logger":"com.example.demologback.controller.PostController","message":"Http Method (GET) - post list","context":"vms"}
{"timestamp":"2022-11-17T17:23:36.336Z","level":"INFO","thread":"http-nio-8084-exec-4","logger":"com.example.demologback.controller.PostController","message":"Http Method (GET) - post","context":"vms"}
{"timestamp":"2022-11-17T17:23:58.466Z","level":"INFO","thread":"SpringApplicationShutdownHook","logger":"org.springframework.orm.jpa.LocalContainerEntityManagerFactoryBean","message":"Closing JPA EntityManagerFactory for persistence unit 'default'","context":"vms"}
{"timestamp":"2022-11-17T17:23:58.467Z","level":"INFO","thread":"SpringApplicationShutdownHook","logger":"com.zaxxer.hikari.HikariDataSource","message":"HikariPool-1 - Shutdown initiated...","context":"vms"}
{"timestamp":"2022-11-17T17:23:58.656Z","level":"INFO","thread":"SpringApplicationShutdownHook","logger":"com.zaxxer.hikari.HikariDataSource","message":"HikariPool-1 - Shutdown completed.","context":"vms"}
{"timestamp":"2022-11-17T17:26:07.260Z","level":"INFO","thread":"main","logger":"com.example.demologback.DemoLogbackApplication","message":"Starting DemoLogbackApplication using Java 11.0.16.1 on yeong-eun-ui-MacBookPro.local with PID 30615 (/Users/younge/Practice/Spring/demo-logback/out/production/classes started by younge in /Users/younge/Practice/Spring/demo-logback)","context":"vms"}
{"timestamp":"2022-11-17T17:26:07.267Z","level":"INFO","thread":"main","logger":"com.example.demologback.DemoLogbackApplication","message":"No active profile set, falling back to 1 default profile: \"default\"","context":"vms"}
{"timestamp":"2022-11-17T17:26:07.504Z","level":"INFO","thread":"main","logger":"org.springframework.data.repository.config.RepositoryConfigurationDelegate","message":"Bootstrapping Spring Data JPA repositories in DEFAULT mode.","context":"vms"}
{"timestamp":"2022-11-17T17:26:07.524Z","level":"INFO","thread":"main","logger":"org.springframework.data.repository.config.RepositoryConfigurationDelegate","message":"Finished Spring Data repository scanning in 16 ms. Found 2 JPA repository interfaces.","context":"vms"}
{"timestamp":"2022-11-17T17:26:07.726Z","level":"INFO","thread":"main","logger":"org.springframework.boot.web.embedded.tomcat.TomcatWebServer","message":"Tomcat initialized with port(s): 8084 (http)","context":"vms"}
{"timestamp":"2022-11-17T17:26:07.730Z","level":"INFO","thread":"main","logger":"org.apache.coyote.http11.Http11NioProtocol","message":"Initializing ProtocolHandler [\"http-nio-8084\"]","context":"vms"}
{"timestamp":"2022-11-17T17:26:07.730Z","level":"INFO","thread":"main","logger":"org.apache.catalina.core.StandardService","message":"Starting service [Tomcat]","context":"vms"}
{"timestamp":"2022-11-17T17:26:07.730Z","level":"INFO","thread":"main","logger":"org.apache.catalina.core.StandardEngine","message":"Starting Servlet engine: [Apache Tomcat/9.0.68]","context":"vms"}
{"timestamp":"2022-11-17T17:26:07.773Z","level":"INFO","thread":"main","logger":"org.apache.catalina.core.ContainerBase.[Tomcat].[localhost].[/]","message":"Initializing Spring embedded WebApplicationContext","context":"vms"}
{"timestamp":"2022-11-17T17:26:07.774Z","level":"INFO","thread":"main","logger":"org.springframework.boot.web.servlet.context.ServletWebServerApplicationContext","message":"Root WebApplicationContext: initialization completed in 491 ms","context":"vms"}
{"timestamp":"2022-11-17T17:26:07.795Z","level":"INFO","thread":"main","logger":"com.zaxxer.hikari.HikariDataSource","message":"HikariPool-1 - Starting...","context":"vms"}
{"timestamp":"2022-11-17T17:26:07.856Z","level":"INFO","thread":"main","logger":"com.zaxxer.hikari.HikariDataSource","message":"HikariPool-1 - Start completed.","context":"vms"}
{"timestamp":"2022-11-17T17:26:07.862Z","level":"INFO","thread":"main","logger":"org.springframework.boot.autoconfigure.h2.H2ConsoleAutoConfiguration","message":"H2 console available at '/h2-console'. Database available at 'jdbc:h2:tcp://localhost/~/logback'","context":"vms"}
{"timestamp":"2022-11-17T17:26:07.927Z","level":"INFO","thread":"main","logger":"org.hibernate.jpa.internal.util.LogHelper","message":"HHH000204: Processing PersistenceUnitInfo [name: default]","context":"vms"}
{"timestamp":"2022-11-17T17:26:07.946Z","level":"INFO","thread":"main","logger":"org.hibernate.Version","message":"HHH000412: Hibernate ORM core version 5.6.12.Final","context":"vms"}
{"timestamp":"2022-11-17T17:26:08.005Z","level":"INFO","thread":"main","logger":"org.hibernate.annotations.common.Version","message":"HCANN000001: Hibernate Commons Annotations {5.1.2.Final}","context":"vms"}
{"timestamp":"2022-11-17T17:26:08.044Z","level":"INFO","thread":"main","logger":"org.hibernate.dialect.Dialect","message":"HHH000400: Using dialect: org.hibernate.dialect.H2Dialect","context":"vms"}
{"timestamp":"2022-11-17T17:26:08.237Z","level":"INFO","thread":"main","logger":"org.hibernate.engine.transaction.jta.platform.internal.JtaPlatformInitiator","message":"HHH000490: Using JtaPlatform implementation: [org.hibernate.engine.transaction.jta.platform.internal.NoJtaPlatform]","context":"vms"}
{"timestamp":"2022-11-17T17:26:08.240Z","level":"INFO","thread":"main","logger":"org.springframework.orm.jpa.LocalContainerEntityManagerFactoryBean","message":"Initialized JPA EntityManagerFactory for persistence unit 'default'","context":"vms"}
{"timestamp":"2022-11-17T17:26:08.389Z","level":"WARN","thread":"main","logger":"org.springframework.boot.autoconfigure.orm.jpa.JpaBaseConfiguration$JpaWebConfiguration","message":"spring.jpa.open-in-view is enabled by default. Therefore, database queries may be performed during view rendering. Explicitly configure spring.jpa.open-in-view to disable this warning","context":"vms"}
{"timestamp":"2022-11-17T17:26:08.520Z","level":"INFO","thread":"main","logger":"org.apache.coyote.http11.Http11NioProtocol","message":"Starting ProtocolHandler [\"http-nio-8084\"]","context":"vms"}
{"timestamp":"2022-11-17T17:26:08.537Z","level":"INFO","thread":"main","logger":"org.springframework.boot.web.embedded.tomcat.TomcatWebServer","message":"Tomcat started on port(s): 8084 (http) with context path ''","context":"vms"}
{"timestamp":"2022-11-17T17:26:08.555Z","level":"INFO","thread":"main","logger":"com.example.demologback.DemoLogbackApplication","message":"Started DemoLogbackApplication in 1.495 seconds (JVM running for 1.922)","context":"vms"}
{"timestamp":"2022-11-17T17:36:08.882Z","level":"INFO","thread":"SpringApplicationShutdownHook","logger":"org.springframework.orm.jpa.LocalContainerEntityManagerFactoryBean","message":"Closing JPA EntityManagerFactory for persistence unit 'default'","context":"vms"}
{"timestamp":"2022-11-17T17:36:08.886Z","level":"INFO","thread":"SpringApplicationShutdownHook","logger":"com.zaxxer.hikari.HikariDataSource","message":"HikariPool-1 - Shutdown initiated...","context":"vms"}
{"timestamp":"2022-11-17T17:36:08.928Z","level":"INFO","thread":"SpringApplicationShutdownHook","logger":"com.zaxxer.hikari.HikariDataSource","message":"HikariPool-1 - Shutdown completed.","context":"vms"}
{"timestamp":"2022-11-17T17:36:11.614Z","level":"INFO","thread":"main","logger":"com.example.demologback.DemoLogbackApplication","message":"Starting DemoLogbackApplication using Java 11.0.16.1 on yeong-eun-ui-MacBookPro.local with PID 31238 (/Users/younge/Practice/Spring/demo-logback/out/production/classes started by younge in /Users/younge/Practice/Spring/demo-logback)","context":"vms"}
{"timestamp":"2022-11-17T17:36:11.621Z","level":"INFO","thread":"main","logger":"com.example.demologback.DemoLogbackApplication","message":"No active profile set, falling back to 1 default profile: \"default\"","context":"vms"}
{"timestamp":"2022-11-17T17:36:11.906Z","level":"INFO","thread":"main","logger":"org.springframework.data.repository.config.RepositoryConfigurationDelegate","message":"Bootstrapping Spring Data JPA repositories in DEFAULT mode.","context":"vms"}
{"timestamp":"2022-11-17T17:36:11.928Z","level":"INFO","thread":"main","logger":"org.springframework.data.repository.config.RepositoryConfigurationDelegate","message":"Finished Spring Data repository scanning in 18 ms. Found 2 JPA repository interfaces.","context":"vms"}
{"timestamp":"2022-11-17T17:36:12.125Z","level":"INFO","thread":"main","logger":"org.springframework.boot.web.embedded.tomcat.TomcatWebServer","message":"Tomcat initialized with port(s): 8084 (http)","context":"vms"}
{"timestamp":"2022-11-17T17:36:12.130Z","level":"INFO","thread":"main","logger":"org.apache.coyote.http11.Http11NioProtocol","message":"Initializing ProtocolHandler [\"http-nio-8084\"]","context":"vms"}
{"timestamp":"2022-11-17T17:36:12.130Z","level":"INFO","thread":"main","logger":"org.apache.catalina.core.StandardService","message":"Starting service [Tomcat]","context":"vms"}
{"timestamp":"2022-11-17T17:36:12.130Z","level":"INFO","thread":"main","logger":"org.apache.catalina.core.StandardEngine","message":"Starting Servlet engine: [Apache Tomcat/9.0.68]","context":"vms"}
{"timestamp":"2022-11-17T17:36:12.178Z","level":"INFO","thread":"main","logger":"org.apache.catalina.core.ContainerBase.[Tomcat].[localhost].[/]","message":"Initializing Spring embedded WebApplicationContext","context":"vms"}
{"timestamp":"2022-11-17T17:36:12.179Z","level":"INFO","thread":"main","logger":"org.springframework.boot.web.servlet.context.ServletWebServerApplicationContext","message":"Root WebApplicationContext: initialization completed in 542 ms","context":"vms"}
{"timestamp":"2022-11-17T17:36:12.191Z","level":"INFO","thread":"main","logger":"com.zaxxer.hikari.HikariDataSource","message":"HikariPool-1 - Starting...","context":"vms"}
{"timestamp":"2022-11-17T17:36:12.237Z","level":"INFO","thread":"main","logger":"com.zaxxer.hikari.HikariDataSource","message":"HikariPool-1 - Start completed.","context":"vms"}
{"timestamp":"2022-11-17T17:36:12.245Z","level":"INFO","thread":"main","logger":"org.springframework.boot.autoconfigure.h2.H2ConsoleAutoConfiguration","message":"H2 console available at '/h2-console'. Database available at 'jdbc:h2:tcp://localhost/~/logback'","context":"vms"}
{"timestamp":"2022-11-17T17:36:12.305Z","level":"INFO","thread":"main","logger":"org.hibernate.jpa.internal.util.LogHelper","message":"HHH000204: Processing PersistenceUnitInfo [name: default]","context":"vms"}
{"timestamp":"2022-11-17T17:36:12.324Z","level":"INFO","thread":"main","logger":"org.hibernate.Version","message":"HHH000412: Hibernate ORM core version 5.6.12.Final","context":"vms"}
{"timestamp":"2022-11-17T17:36:12.381Z","level":"INFO","thread":"main","logger":"org.hibernate.annotations.common.Version","message":"HCANN000001: Hibernate Commons Annotations {5.1.2.Final}","context":"vms"}
{"timestamp":"2022-11-17T17:36:12.418Z","level":"INFO","thread":"main","logger":"org.hibernate.dialect.Dialect","message":"HHH000400: Using dialect: org.hibernate.dialect.H2Dialect","context":"vms"}
{"timestamp":"2022-11-17T17:36:12.602Z","level":"INFO","thread":"main","logger":"org.hibernate.engine.transaction.jta.platform.internal.JtaPlatformInitiator","message":"HHH000490: Using JtaPlatform implementation: [org.hibernate.engine.transaction.jta.platform.internal.NoJtaPlatform]","context":"vms"}
{"timestamp":"2022-11-17T17:36:12.606Z","level":"INFO","thread":"main","logger":"org.springframework.orm.jpa.LocalContainerEntityManagerFactoryBean","message":"Initialized JPA EntityManagerFactory for persistence unit 'default'","context":"vms"}
{"timestamp":"2022-11-17T17:36:12.756Z","level":"WARN","thread":"main","logger":"org.springframework.boot.autoconfigure.orm.jpa.JpaBaseConfiguration$JpaWebConfiguration","message":"spring.jpa.open-in-view is enabled by default. Therefore, database queries may be performed during view rendering. Explicitly configure spring.jpa.open-in-view to disable this warning","context":"vms"}
{"timestamp":"2022-11-17T17:36:12.880Z","level":"INFO","thread":"main","logger":"org.apache.coyote.http11.Http11NioProtocol","message":"Starting ProtocolHandler [\"http-nio-8084\"]","context":"vms"}
{"timestamp":"2022-11-17T17:36:12.893Z","level":"INFO","thread":"main","logger":"org.springframework.boot.web.embedded.tomcat.TomcatWebServer","message":"Tomcat started on port(s): 8084 (http) with context path ''","context":"vms"}
{"timestamp":"2022-11-17T17:36:12.913Z","level":"INFO","thread":"main","logger":"com.example.demologback.DemoLogbackApplication","message":"Started DemoLogbackApplication in 1.525 seconds (JVM running for 1.924)","context":"vms"}
{"timestamp":"2022-11-17T17:36:41.260Z","level":"INFO","thread":"http-nio-8084-exec-2","logger":"org.apache.catalina.core.ContainerBase.[Tomcat].[localhost].[/]","message":"Initializing Spring DispatcherServlet 'dispatcherServlet'","context":"vms"}
{"timestamp":"2022-11-17T17:36:41.261Z","level":"INFO","thread":"http-nio-8084-exec-2","logger":"org.springframework.web.servlet.DispatcherServlet","message":"Initializing Servlet 'dispatcherServlet'","context":"vms"}
{"timestamp":"2022-11-17T17:36:41.262Z","level":"INFO","thread":"http-nio-8084-exec-2","logger":"org.springframework.web.servlet.DispatcherServlet","message":"Completed initialization in 1 ms","context":"vms"}
{"timestamp":"2022-11-17T17:36:41.304Z","level":"INFO","thread":"http-nio-8084-exec-2","logger":"com.example.demologback.controller.PostController","message":"Http Method (PATCH) - post","context":"vms"}
{"timestamp":"2022-11-17T17:36:52.307Z","level":"INFO","thread":"http-nio-8084-exec-3","logger":"com.example.demologback.controller.PostController","message":"Http Method (GET) - post","context":"vms"}
